<?xml version="1.0" encoding="UTF-8"?>
<!-- Generated by org.testng.reporters.JUnitReportReporter -->
<testsuite hostname="Rakesh" failures="0" tests="1" name="DemoPack.DemoTestJenkins_Test" time="43.651" errors="0" timestamp="2024-06-16T12:22:24 IST" skipped="0">
  <testcase classname="DemoPack.DemoTestJenkins_Test" name="openBrwsr" time="43.651"/>
  <system-out/>
</testsuite> <!-- DemoPack.DemoTestJenkins_Test -->
