<?xml version="1.0" encoding="UTF-8"?>
<!-- Generated by org.testng.reporters.JUnitReportReporter -->
<testsuite hostname="Rakesh" failures="0" tests="1" name="DemoPack.DemoTestJenkins_Test" time="6.879" errors="0" timestamp="2024-06-16T13:35:56 IST" skipped="0">
  <testcase classname="DemoPack.DemoTestJenkins_Test" name="openBrwsr" time="6.879"/>
  <system-out/>
</testsuite> <!-- DemoPack.DemoTestJenkins_Test -->
